app/build/intermediates/manifest_merge_blame_file/debug/manifest-merger-blame-debug-report.txt
1<?xml version="1.0" encoding="utf-8"?>
2<manifest xmlns:android="http://schemas.android.com/apk/res/android"
3    package="com.example.smartlocationalarm"
4    android:versionCode="1"
5    android:versionName="1.0" >
6
7    <uses-sdk
8        android:minSdkVersion="21"
8-->src\main\AndroidManifest.xml
9        android:targetSdkVersion="29" />
9-->src\main\AndroidManifest.xml
10
11    <!--
12         The ACCESS_COARSE/FINE_LOCATION permissions are not required to use
13         Google Maps Android API v2, but you must specify either coarse or fine
14         location permissions for the 'MyLocation' functionality.
15    -->
16    <uses-permission android:name="android.permission.ACCESS_FINE_LOCATION" />
16-->src\main\AndroidManifest.xml:11:5-79
16-->src\main\AndroidManifest.xml:11:22-76
17    <uses-permission android:name="android.permission. ACCESS_COARSE_LOCATION" />
17-->src\main\AndroidManifest.xml:12:5-82
17-->src\main\AndroidManifest.xml:12:22-79
18    <uses-permission android:name="android.permission.INTERNET" />
18-->src\main\AndroidManifest.xml:13:5-67
18-->src\main\AndroidManifest.xml:13:22-64
19    <uses-permission android:name="android.permission.ACCESS_NETWORK_STATE" />
19-->src\main\AndroidManifest.xml:14:5-79
19-->src\main\AndroidManifest.xml:14:22-76
20    <uses-permission android:name="android.permission.ACCESS_WIFI_STATE" />
20-->src\main\AndroidManifest.xml:15:5-75
20-->src\main\AndroidManifest.xml:15:22-73
21
22    <uses-feature
22-->[com.google.android.gms:play-services-maps:17.0.0] AndroidManifest.xml:26:5-28:35
23        android:glEsVersion="0x00020000"
23-->[com.google.android.gms:play-services-maps:17.0.0] AndroidManifest.xml:27:9-41
24        android:required="true" />
24-->[com.google.android.gms:play-services-maps:17.0.0] AndroidManifest.xml:28:9-32
25
26    <uses-permission android:name="android.permission.WAKE_LOCK" /> <!-- Required by older versions of Google Play services to create IID tokens -->
26-->[com.google.android.gms:play-services-measurement-api:17.2.3] AndroidManifest.xml:24:5-68
26-->[com.google.android.gms:play-services-measurement-api:17.2.3] AndroidManifest.xml:24:22-65
27    <uses-permission android:name="com.google.android.c2dm.permission.RECEIVE" />
27-->[com.google.firebase:firebase-iid:20.0.2] AndroidManifest.xml:26:5-82
27-->[com.google.firebase:firebase-iid:20.0.2] AndroidManifest.xml:26:22-79
28    <uses-permission android:name="com.google.android.finsky.permission.BIND_GET_INSTALL_REFERRER_SERVICE" />
28-->[com.google.android.gms:play-services-measurement:17.2.3] AndroidManifest.xml:26:5-110
28-->[com.google.android.gms:play-services-measurement:17.2.3] AndroidManifest.xml:26:22-107
29
30    <application
30-->src\main\AndroidManifest.xml:18:5-63:19
31        android:allowBackup="true"
31-->src\main\AndroidManifest.xml:19:9-35
32        android:appComponentFactory="androidx.core.app.CoreComponentFactory"
32-->[androidx.core:core:1.2.0] AndroidManifest.xml:24:18-86
33        android:debuggable="true"
34        android:icon="@mipmap/ic_launcher"
34-->src\main\AndroidManifest.xml:20:9-43
35        android:label="@string/app_name"
35-->src\main\AndroidManifest.xml:21:9-41
36        android:roundIcon="@mipmap/ic_launcher_round"
36-->src\main\AndroidManifest.xml:22:9-54
37        android:supportsRtl="true"
37-->src\main\AndroidManifest.xml:23:9-35
38        android:testOnly="true"
39        android:theme="@style/AppTheme" >
39-->src\main\AndroidManifest.xml:24:9-40
40
41        <!--
42             The API key for Google Maps-based APIs is defined as a string resource.
43             (See the file "res/values/google_maps_api.xml").
44             Note that the API key is linked to the encryption key used to sign the APK.
45             You need a different API key for each encryption key, including the release key that is used to
46             sign the APK for publishing.
47             You can define the keys for the debug and release targets in src/debug/ and src/release/.
48        -->
49        <meta-data
49-->src\main\AndroidManifest.xml:35:9-37:55
50            android:name="com.google.android.geo.API_KEY"
50-->src\main\AndroidManifest.xml:36:13-58
51            android:value="@string/google_maps_key" />
51-->src\main\AndroidManifest.xml:37:13-52
52
53        <activity android:name="com.example.smartlocationalarm.alarmDetailsActivity" />
53-->src\main\AndroidManifest.xml:39:9-58
53-->src\main\AndroidManifest.xml:39:19-55
54        <activity android:name="com.example.smartlocationalarm.alarmListActivity" />
54-->src\main\AndroidManifest.xml:40:9-55
54-->src\main\AndroidManifest.xml:40:19-52
55        <activity android:name="com.example.smartlocationalarm.SettingsActivity" />
55-->src\main\AndroidManifest.xml:41:9-54
55-->src\main\AndroidManifest.xml:41:19-51
56        <activity android:name="com.example.smartlocationalarm.AboutActivity" />
56-->src\main\AndroidManifest.xml:42:9-51
56-->src\main\AndroidManifest.xml:42:19-48
57
58        <meta-data
58-->src\main\AndroidManifest.xml:44:9-46:69
59            android:name="com.google.android.gms.version"
59-->src\main\AndroidManifest.xml:45:13-58
60            android:value="@integer/google_play_services_version" />
60-->src\main\AndroidManifest.xml:46:13-66
61
62        <activity
62-->src\main\AndroidManifest.xml:48:9-50:59
63            android:name="com.example.smartlocationalarm.MapsActivity"
63-->src\main\AndroidManifest.xml:49:13-41
64            android:label="@string/title_activity_maps" />
64-->src\main\AndroidManifest.xml:50:13-56
65        <activity
65-->src\main\AndroidManifest.xml:51:9-53:67
66            android:name="com.example.smartlocationalarm.CreateAlarmActivity"
66-->src\main\AndroidManifest.xml:52:13-48
67            android:label="@string/title_activity_create_alarm" />
67-->src\main\AndroidManifest.xml:53:13-64
68        <activity android:name="com.example.smartlocationalarm.PermissionActivity" />
68-->src\main\AndroidManifest.xml:54:9-56
68-->src\main\AndroidManifest.xml:54:19-53
69        <activity android:name="com.example.smartlocationalarm.Welcome_Activity" />
69-->src\main\AndroidManifest.xml:55:9-54
69-->src\main\AndroidManifest.xml:55:19-51
70        <activity android:name="com.example.smartlocationalarm.MainActivity" >
70-->src\main\AndroidManifest.xml:56:9-62:20
70-->src\main\AndroidManifest.xml:56:19-47
71            <intent-filter>
71-->src\main\AndroidManifest.xml:57:13-61:29
72                <action android:name="android.intent.action.MAIN" />
72-->src\main\AndroidManifest.xml:58:17-69
72-->src\main\AndroidManifest.xml:58:25-66
73
74                <category android:name="android.intent.category.LAUNCHER" />
74-->src\main\AndroidManifest.xml:60:17-77
74-->src\main\AndroidManifest.xml:60:27-74
75            </intent-filter>
76        </activity>
77        <activity
77-->[com.karumi:dexter:6.0.2] AndroidManifest.xml:27:9-29:72
78            android:name="com.karumi.dexter.DexterActivity"
78-->[com.karumi:dexter:6.0.2] AndroidManifest.xml:28:13-60
79            android:theme="@style/Dexter.Internal.Theme.Transparent" />
79-->[com.karumi:dexter:6.0.2] AndroidManifest.xml:29:13-69
80        <activity
80-->[com.google.android.libraries.places:places:2.2.0] AndroidManifest.xml:14:9-20:20
81            android:name="com.google.android.libraries.places.widget.AutocompleteActivity"
81-->[com.google.android.libraries.places:places:2.2.0] AndroidManifest.xml:15:13-91
82            android:exported="false"
82-->[com.google.android.libraries.places:places:2.2.0] AndroidManifest.xml:16:13-37
83            android:label="@string/places_autocomplete_label"
83-->[com.google.android.libraries.places:places:2.2.0] AndroidManifest.xml:17:13-62
84            android:theme="@style/PlacesAutocompleteOverlay"
84-->[com.google.android.libraries.places:places:2.2.0] AndroidManifest.xml:18:13-61
85            android:windowSoftInputMode="adjustResize" >
85-->[com.google.android.libraries.places:places:2.2.0] AndroidManifest.xml:19:13-55
86        </activity> <!-- Needs to be explicitly declared on P+ -->
87        <uses-library
87-->[com.google.android.gms:play-services-maps:17.0.0] AndroidManifest.xml:33:9-35:40
88            android:name="org.apache.http.legacy"
88-->[com.google.android.gms:play-services-maps:17.0.0] AndroidManifest.xml:34:13-50
89            android:required="false" />
89-->[com.google.android.gms:play-services-maps:17.0.0] AndroidManifest.xml:35:13-37
90
91        <service
91-->[com.google.firebase:firebase-database:19.2.1] AndroidManifest.xml:29:9-35:19
92            android:name="com.google.firebase.components.ComponentDiscoveryService"
92-->[com.google.firebase:firebase-database:19.2.1] AndroidManifest.xml:30:13-84
93            android:directBootAware="true"
93-->[com.google.firebase:firebase-common:19.3.0] AndroidManifest.xml:34:13-43
94            android:exported="false" >
94-->[com.google.firebase:firebase-database:19.2.1] AndroidManifest.xml:31:13-37
95            <meta-data
95-->[com.google.firebase:firebase-database:19.2.1] AndroidManifest.xml:32:13-34:85
96                android:name="com.google.firebase.components:com.google.firebase.database.DatabaseRegistrar"
96-->[com.google.firebase:firebase-database:19.2.1] AndroidManifest.xml:33:17-109
97                android:value="com.google.firebase.components.ComponentRegistrar" />
97-->[com.google.firebase:firebase-database:19.2.1] AndroidManifest.xml:34:17-82
98            <meta-data
98-->[com.google.firebase:firebase-storage:19.1.1] AndroidManifest.xml:33:13-35:85
99                android:name="com.google.firebase.components:com.google.firebase.storage.StorageRegistrar"
99-->[com.google.firebase:firebase-storage:19.1.1] AndroidManifest.xml:34:17-107
100                android:value="com.google.firebase.components.ComponentRegistrar" />
100-->[com.google.firebase:firebase-storage:19.1.1] AndroidManifest.xml:35:17-82
101            <meta-data
101-->[com.google.android.gms:play-services-measurement-api:17.2.3] AndroidManifest.xml:30:13-32:85
102                android:name="com.google.firebase.components:com.google.firebase.analytics.connector.internal.AnalyticsConnectorRegistrar"
102-->[com.google.android.gms:play-services-measurement-api:17.2.3] AndroidManifest.xml:31:17-139
103                android:value="com.google.firebase.components.ComponentRegistrar" />
103-->[com.google.android.gms:play-services-measurement-api:17.2.3] AndroidManifest.xml:32:17-82
104            <meta-data
104-->[com.google.firebase:firebase-iid:20.0.2] AndroidManifest.xml:32:13-34:85
105                android:name="com.google.firebase.components:com.google.firebase.iid.Registrar"
105-->[com.google.firebase:firebase-iid:20.0.2] AndroidManifest.xml:33:17-96
106                android:value="com.google.firebase.components.ComponentRegistrar" />
106-->[com.google.firebase:firebase-iid:20.0.2] AndroidManifest.xml:34:17-82
107        </service>
108
109        <receiver
109-->[com.google.firebase:firebase-iid:20.0.2] AndroidManifest.xml:37:9-44:20
110            android:name="com.google.firebase.iid.FirebaseInstanceIdReceiver"
110-->[com.google.firebase:firebase-iid:20.0.2] AndroidManifest.xml:38:13-78
111            android:exported="true"
111-->[com.google.firebase:firebase-iid:20.0.2] AndroidManifest.xml:39:13-36
112            android:permission="com.google.android.c2dm.permission.SEND" >
112-->[com.google.firebase:firebase-iid:20.0.2] AndroidManifest.xml:40:13-73
113            <intent-filter>
113-->[com.google.firebase:firebase-iid:20.0.2] AndroidManifest.xml:41:13-43:29
114                <action android:name="com.google.android.c2dm.intent.RECEIVE" />
114-->[com.google.firebase:firebase-iid:20.0.2] AndroidManifest.xml:42:17-81
114-->[com.google.firebase:firebase-iid:20.0.2] AndroidManifest.xml:42:25-78
115            </intent-filter>
116        </receiver>
117
118        <activity
118-->[com.google.android.gms:play-services-base:17.0.0] AndroidManifest.xml:23:9-26:75
119            android:name="com.google.android.gms.common.api.GoogleApiActivity"
119-->[com.google.android.gms:play-services-base:17.0.0] AndroidManifest.xml:24:13-79
120            android:exported="false"
120-->[com.google.android.gms:play-services-base:17.0.0] AndroidManifest.xml:25:13-37
121            android:theme="@android:style/Theme.Translucent.NoTitleBar" />
121-->[com.google.android.gms:play-services-base:17.0.0] AndroidManifest.xml:26:13-72
122
123        <provider
123-->[com.google.firebase:firebase-common:19.3.0] AndroidManifest.xml:26:9-30:39
124            android:name="com.google.firebase.provider.FirebaseInitProvider"
124-->[com.google.firebase:firebase-common:19.3.0] AndroidManifest.xml:27:13-77
125            android:authorities="com.example.smartlocationalarm.firebaseinitprovider"
125-->[com.google.firebase:firebase-common:19.3.0] AndroidManifest.xml:28:13-72
126            android:exported="false"
126-->[com.google.firebase:firebase-common:19.3.0] AndroidManifest.xml:29:13-37
127            android:initOrder="100" />
127-->[com.google.firebase:firebase-common:19.3.0] AndroidManifest.xml:30:13-36
128
129        <receiver
129-->[com.google.android.gms:play-services-measurement:17.2.3] AndroidManifest.xml:29:9-33:20
130            android:name="com.google.android.gms.measurement.AppMeasurementReceiver"
130-->[com.google.android.gms:play-services-measurement:17.2.3] AndroidManifest.xml:30:13-85
131            android:enabled="true"
131-->[com.google.android.gms:play-services-measurement:17.2.3] AndroidManifest.xml:31:13-35
132            android:exported="false" >
132-->[com.google.android.gms:play-services-measurement:17.2.3] AndroidManifest.xml:32:13-37
133        </receiver>
134        <receiver
134-->[com.google.android.gms:play-services-measurement:17.2.3] AndroidManifest.xml:34:9-42:20
135            android:name="com.google.android.gms.measurement.AppMeasurementInstallReferrerReceiver"
135-->[com.google.android.gms:play-services-measurement:17.2.3] AndroidManifest.xml:35:13-100
136            android:enabled="true"
136-->[com.google.android.gms:play-services-measurement:17.2.3] AndroidManifest.xml:36:13-35
137            android:exported="true"
137-->[com.google.android.gms:play-services-measurement:17.2.3] AndroidManifest.xml:37:13-36
138            android:permission="android.permission.INSTALL_PACKAGES" >
138-->[com.google.android.gms:play-services-measurement:17.2.3] AndroidManifest.xml:38:13-69
139            <intent-filter>
139-->[com.google.android.gms:play-services-measurement:17.2.3] AndroidManifest.xml:39:13-41:29
140                <action android:name="com.android.vending.INSTALL_REFERRER" />
140-->[com.google.android.gms:play-services-measurement:17.2.3] AndroidManifest.xml:40:17-79
140-->[com.google.android.gms:play-services-measurement:17.2.3] AndroidManifest.xml:40:25-76
141            </intent-filter>
142        </receiver>
143
144        <service
144-->[com.google.android.gms:play-services-measurement:17.2.3] AndroidManifest.xml:44:9-47:40
145            android:name="com.google.android.gms.measurement.AppMeasurementService"
145-->[com.google.android.gms:play-services-measurement:17.2.3] AndroidManifest.xml:45:13-84
146            android:enabled="true"
146-->[com.google.android.gms:play-services-measurement:17.2.3] AndroidManifest.xml:46:13-35
147            android:exported="false" />
147-->[com.google.android.gms:play-services-measurement:17.2.3] AndroidManifest.xml:47:13-37
148        <service
148-->[com.google.android.gms:play-services-measurement:17.2.3] AndroidManifest.xml:48:9-52:72
149            android:name="com.google.android.gms.measurement.AppMeasurementJobService"
149-->[com.google.android.gms:play-services-measurement:17.2.3] AndroidManifest.xml:49:13-87
150            android:enabled="true"
150-->[com.google.android.gms:play-services-measurement:17.2.3] AndroidManifest.xml:50:13-35
151            android:exported="false"
151-->[com.google.android.gms:play-services-measurement:17.2.3] AndroidManifest.xml:51:13-37
152            android:permission="android.permission.BIND_JOB_SERVICE" />
152-->[com.google.android.gms:play-services-measurement:17.2.3] AndroidManifest.xml:52:13-69
153        <service
153-->[com.google.android.datatransport:transport-backend-cct:2.1.0] AndroidManifest.xml:29:9-35:19
154            android:name="com.google.android.datatransport.runtime.backends.TransportBackendDiscovery"
154-->[com.google.android.datatransport:transport-backend-cct:2.1.0] AndroidManifest.xml:30:13-103
155            android:exported="false" >
155-->[com.google.android.datatransport:transport-backend-cct:2.1.0] AndroidManifest.xml:31:13-37
156            <meta-data
156-->[com.google.android.datatransport:transport-backend-cct:2.1.0] AndroidManifest.xml:32:13-34:39
157                android:name="backend:com.google.android.datatransport.cct.CctBackendFactory"
157-->[com.google.android.datatransport:transport-backend-cct:2.1.0] AndroidManifest.xml:33:17-94
158                android:value="cct" />
158-->[com.google.android.datatransport:transport-backend-cct:2.1.0] AndroidManifest.xml:34:17-36
159        </service>
160        <service
160-->[com.google.android.datatransport:transport-runtime:2.1.0] AndroidManifest.xml:26:9-30:19
161            android:name="com.google.android.datatransport.runtime.scheduling.jobscheduling.JobInfoSchedulerService"
161-->[com.google.android.datatransport:transport-runtime:2.1.0] AndroidManifest.xml:27:13-117
162            android:exported="false"
162-->[com.google.android.datatransport:transport-runtime:2.1.0] AndroidManifest.xml:28:13-37
163            android:permission="android.permission.BIND_JOB_SERVICE" >
163-->[com.google.android.datatransport:transport-runtime:2.1.0] AndroidManifest.xml:29:13-69
164        </service>
165
166        <receiver
166-->[com.google.android.datatransport:transport-runtime:2.1.0] AndroidManifest.xml:32:9-34:40
167            android:name="com.google.android.datatransport.runtime.scheduling.jobscheduling.AlarmManagerSchedulerBroadcastReceiver"
167-->[com.google.android.datatransport:transport-runtime:2.1.0] AndroidManifest.xml:33:13-132
168            android:exported="false" />
168-->[com.google.android.datatransport:transport-runtime:2.1.0] AndroidManifest.xml:34:13-37
169
170        <provider
170-->[androidx.lifecycle:lifecycle-process:2.1.0] AndroidManifest.xml:23:9-27:43
171            android:name="androidx.lifecycle.ProcessLifecycleOwnerInitializer"
171-->[androidx.lifecycle:lifecycle-process:2.1.0] AndroidManifest.xml:24:13-79
172            android:authorities="com.example.smartlocationalarm.lifecycle-process"
172-->[androidx.lifecycle:lifecycle-process:2.1.0] AndroidManifest.xml:25:13-69
173            android:exported="false"
173-->[androidx.lifecycle:lifecycle-process:2.1.0] AndroidManifest.xml:26:13-37
174            android:multiprocess="true" />
174-->[androidx.lifecycle:lifecycle-process:2.1.0] AndroidManifest.xml:27:13-40
175    </application>
176
177</manifest>